<?xml version="1.0" encoding="UTF-8"?>
<testsuite xmlns:xsi="http://www.w3.org/2001/XMLSchema-instance" xsi:noNamespaceSchemaLocation="https://maven.apache.org/surefire/maven-surefire-plugin/xsd/surefire-test-report-3.0.xsd" version="3.0" name="com.example.idcard.IdCardApplicationTest" time="4.443" tests="1" errors="0" skipped="0" failures="0">
  <properties>
[...]
</properties>
  <testcase name="contextLoads" classname="com.example.idcard.IdCardApplicationTest" time="0.26">
    <system-out><![CDATA[Standard Commons Logging discovery in action with spring-jcl: please remove commons-logging.jar from classpath in order to avoid potential conflicts
21:27:49.016 [main] INFO org.springframework.test.context.support.AnnotationConfigContextLoaderUtils -- Could not detect default configuration classes for test class [com.example.idcard.IdCardApplicationTest]: IdCardApplicationTest does not declare any static, non-private, non-final, nested classes annotated with @Configuration.
21:27:49.106 [main] INFO org.springframework.boot.test.context.SpringBootTestContextBootstrapper -- Found @SpringBootConfiguration com.example.idcard.IdCardApplication for test class com.example.idcard.IdCardApplicationTest

  .   ____          _            __ _ _
 /\\ / ___'_ __ _ _(_)_ __  __ _ \ \ \ \
( ( )\___ | '_ | '_| | '_ \/ _` | \ \ \ \
 \\/  ___)| |_)| | | | | || (_| |  ) ) ) )
  '  |____| .__|_| |_|_| |_\__, | / / / /
 =========|_|==============|___/=/_/_/_/
 :: Spring Boot ::                (v3.1.5)

2026-06-17T21:27:49.428+07:00  INFO 23576 --- [           main] c.example.idcard.IdCardApplicationTest   : Starting IdCardApplicationTest using Java 25.0.1 with PID 23576 (started by Hoir in D:\Year4\semester2\dev\Final\id-card-management)
2026-06-17T21:27:49.429+07:00  INFO 23576 --- [           main] c.example.idcard.IdCardApplicationTest   : The following 1 profile is active: "test"
2026-06-17T21:27:50.131+07:00  INFO 23576 --- [           main] .s.d.r.c.RepositoryConfigurationDelegate : Bootstrapping Spring Data JPA repositories in DEFAULT mode.
2026-06-17T21:27:50.189+07:00  INFO 23576 --- [           main] .s.d.r.c.RepositoryConfigurationDelegate : Finished Spring Data repository scanning in 51 ms. Found 2 JPA repository interfaces.
2026-06-17T21:27:50.516+07:00  INFO 23576 --- [           main] o.hibernate.jpa.internal.util.LogHelper  : HHH000204: Processing PersistenceUnitInfo [name: default]
2026-06-17T21:27:50.564+07:00  INFO 23576 --- [           main] org.hibernate.Version                    : HHH000412: Hibernate ORM core version 6.2.13.Final
2026-06-17T21:27:50.566+07:00  INFO 23576 --- [           main] org.hibernate.cfg.Environment            : HHH000406: Using bytecode reflection optimizer
2026-06-17T21:27:50.791+07:00  INFO 23576 --- [           main] o.s.o.j.p.SpringPersistenceUnitInfo      : No LoadTimeWeaver setup: ignoring JPA class transformer
2026-06-17T21:27:50.820+07:00  INFO 23576 --- [           main] com.zaxxer.hikari.HikariDataSource       : HikariPool-1 - Starting...
2026-06-17T21:27:50.916+07:00  INFO 23576 --- [           main] com.zaxxer.hikari.pool.HikariPool        : HikariPool-1 - Added connection org.sqlite.jdbc4.JDBC4Connection@69a373fd
2026-06-17T21:27:50.917+07:00  INFO 23576 --- [           main] com.zaxxer.hikari.HikariDataSource       : HikariPool-1 - Start completed.
2026-06-17T21:27:51.525+07:00  INFO 23576 --- [           main] o.h.e.t.j.p.i.JtaPlatformInitiator       : HHH000489: No JTA platform available (set 'hibernate.transaction.jta.platform' to enable JTA platform integration)
Hibernate: create table profiles (id integer, address TEXT, barcode_type varchar(16) check (barcode_type in ('CODE_128','EAN_13')), blood_group varchar(60), created_at timestamp not null, date_of_birth date, department varchar(80), email varchar(120), expiry_date date, full_name varchar(120) not null, issue_date date, phone varchar(40), photo LONGBLOB, photo_content_type varchar(60), photo_file_name varchar(255), position varchar(120), profile_type varchar(16) check (profile_type in ('STUDENT','EMPLOYEE','USER')), registration_number varchar(64) not null unique, title varchar(120), type varchar(16) not null check (type in ('STUDENT','EMPLOYEE','USER')), updated_at timestamp not null, uuid varchar(36) not null unique, template_id bigint, primary key (id))
Hibernate: create table templates (id integer, barcode_type varchar(16) check (barcode_type in ('CODE_128','EAN_13')), code varchar(60) not null unique, is_active boolean not null, layout varchar(20) not null, name varchar(80) not null, organization_name varchar(120), primary_color varchar(7) not null, secondary_color varchar(7) not null, tagline varchar(255), template_type varchar(16) not null check (template_type in ('STUDENT','EMPLOYEE','USER')), text_color varchar(7) not null, primary key (id))
Hibernate: alter table profiles drop constraint UK_66yiwv2n5ntj3i3m0tj36x2yw
Hibernate: alter table profiles add constraint UK_66yiwv2n5ntj3i3m0tj36x2yw unique (registration_number)
Hibernate: alter table profiles drop constraint UK_fetebim4s6b2yrqmjjwuakic9
Hibernate: alter table profiles add constraint UK_fetebim4s6b2yrqmjjwuakic9 unique (uuid)
Hibernate: alter table templates drop constraint UK_q29dtfrj97gkqt015sdyurqcm
Hibernate: alter table templates add constraint UK_q29dtfrj97gkqt015sdyurqcm unique (code)
2026-06-17T21:27:51.550+07:00  INFO 23576 --- [           main] j.LocalContainerEntityManagerFactoryBean : Initialized JPA EntityManagerFactory for persistence unit 'default'
2026-06-17T21:27:51.876+07:00  INFO 23576 --- [           main] o.s.d.j.r.query.QueryEnhancerFactory     : Hibernate is in classpath; If applicable, HQL parser will be used.
2026-06-17T21:27:52.474+07:00  WARN 23576 --- [           main] JpaBaseConfiguration$JpaWebConfiguration : spring.jpa.open-in-view is enabled by default. Therefore, database queries may be performed during view rendering. Explicitly configure spring.jpa.open-in-view to disable this warning
2026-06-17T21:27:52.900+07:00  INFO 23576 --- [           main] o.s.b.a.e.web.EndpointLinksResolver      : Exposing 1 endpoint(s) beneath base path '/actuator'
2026-06-17T21:27:52.969+07:00  INFO 23576 --- [           main] c.example.idcard.IdCardApplicationTest   : Started IdCardApplicationTest in 3.763 seconds (process running for 4.51)
]]></system-out>
    <system-err><![CDATA[WARNING: A Java agent has been loaded dynamically (C:\Users\Hoir\.m2\repository\net\bytebuddy\byte-buddy-agent\1.14.9\byte-buddy-agent-1.14.9.jar)
WARNING: If a serviceability tool is in use, please run with -XX:+EnableDynamicAgentLoading to hide this warning
WARNING: If a serviceability tool is not in use, please run with -Djdk.instrument.traceUsage for more information
WARNING: Dynamic loading of agents will be disallowed by default in a future release
]]></system-err>
  </testcase>
</testsuite>